Task Name: Mapping1
Agent Group Id: 025000000000002
Agent Group Name: Informatica Cloud Hosted Agent
Agent Id: 00800000000000E
08/31/2021 04:41:34 **** Importing Connection: Conn_01ASGS0B000000000002 ...
08/31/2021 04:41:34 **** Importing Source Definition: Phones ...
08/31/2021 04:41:34 **** Importing Target Definition: Midrange_Phones ...
08/31/2021 04:41:34 **** Importing Target Definition: Budget_Phones ...
08/31/2021 04:41:34 **** Importing Target Definition: Luxury_Phones ...
08/31/2021 04:41:34 **** Importing SessionConfig: default_session_config ...
    <Warning> :  The Error Log DB Connection value should have Relational: as the prefix.
    <Warning> :  Invalid value  for attribute Error Log DB Connection. Will use the default value 
    Validating Source Definition  Phones...
    Validating Target Definition  Luxury_Phones...
    Validating Target Definition  Budget_Phones...
    Validating Target Definition  Midrange_Phones...
08/31/2021 04:41:34 **** Importing Mapping: Mapping0 ...
    <Warning> :  transformation: Source - Invalid value  for attribute Output is repeatable. Will use the default value Never    [transformation< Source > ] 
Validating transformations of mapping Mapping0...
Validating mapping variable(s).
08/31/2021 04:41:34 **** Importing Workflow: wf_mtt_01ASGS0Z000000000002 ...
    <Warning> :  The value entered is not a valid integer.
    <Warning> :  Invalid value NO for attribute Fail task after wait time. Will use the default value 
Successfully extracted session instance [s_mtt_01ASGS0Z000000000002].  Starting repository sequence id is [-1016041079]
DIRECTOR> VAR_27085 [2021-08-31 04:41:34.194] Parameter file [/data2/home/cldagnt/SystemAgent/apps/Data_Integration_Server/data/01ASGS0E0000000000B5/01ASGS/parameters/s_mtt_01ASGS0Z000000000002.param] is opened for [session [wf_mtt_01ASGS0Z000000000002.s_mtt_01ASGS0Z000000000002]].
DIRECTOR> VAR_27062 [2021-08-31 04:41:34.194] Warning! Cannot find section for worklet [wf_mtt_01ASGS0Z000000000002] and folder [] in parameter file [/data2/home/cldagnt/SystemAgent/apps/Data_Integration_Server/data/01ASGS0E0000000000B5/01ASGS/parameters/s_mtt_01ASGS0Z000000000002.param].
DIRECTOR> VAR_27028 [2021-08-31 04:41:34.194] Use override value [s_mtt_01ASGS0Z000000000002_2_error.csv] for user-defined workflow/worklet variable:[$ErrorFileName].
DIRECTOR> VAR_27028 [2021-08-31 04:41:34.194] Use override value [2021-08-27] for user-defined workflow/worklet variable:[$LastRunDate].
DIRECTOR> VAR_27028 [2021-08-31 04:41:34.194] Use override value [2021-08-27 04:50:57] for user-defined workflow/worklet variable:[$LastRunTime].
DIRECTOR> VAR_27028 [2021-08-31 04:41:34.194] Use override value [s_mtt_01ASGS0Z000000000002_8_31_2021_04_41_success.csv] for user-defined workflow/worklet variable:[$SuccessFileName].
DIRECTOR> TM_6014 [2021-08-31 04:41:34.195] Initializing session [s_mtt_01ASGS0Z000000000002] at [Tue Aug 31 04:41:34 2021].
DIRECTOR> TM_6683 [2021-08-31 04:41:34.195] Repository Name: [XMLRepository]
DIRECTOR> TM_6684 [2021-08-31 04:41:34.195] Server Name: [rDTM]
DIRECTOR> TM_6686 [2021-08-31 04:41:34.195] Folder: []
DIRECTOR> TM_6685 [2021-08-31 04:41:34.195] Workflow: [wf_mtt_01ASGS0Z000000000002] Run Instance Name: [] Run Id: [0]
DIRECTOR> TM_6101 [2021-08-31 04:41:34.195] Mapping name: Mapping0.
DIRECTOR> TM_6964 [2021-08-31 04:41:34.195] Date format for the Session is [MM/DD/YYYY HH24:MI:SS.US]
DIRECTOR> TM_6703 [2021-08-31 04:41:34.199] Session [s_mtt_01ASGS0Z000000000002] is run by 64-bit Integration Service  [], version [9.1.0 HotFix1], build [0627].
MANAGER> PETL_24058 [2021-08-31 04:41:34.274] Running Partition Group [1].
MANAGER> PETL_24000 [2021-08-31 04:41:34.275] Parallel Pipeline Engine initializing.
MANAGER> PETL_24001 [2021-08-31 04:41:34.275] Parallel Pipeline Engine running.
MANAGER> PETL_24003 [2021-08-31 04:41:34.275] Initializing session run.
MAPPING> CMN_1569 [2021-08-31 04:41:34.278] Server Mode: [UNICODE]
MAPPING> CMN_1570 [2021-08-31 04:41:34.278] Server Code page: [ISO 8859-1 Western European]
MAPPING> TM_6151 [2021-08-31 04:41:34.278] The session sort order is [Binary].
MAPPING> TM_6185 [2021-08-31 04:41:34.278] Warning. Code page validation is disabled in this session.
MAPPING> CMN_65083 [2021-08-31 04:41:34.278] Current Timezone:[UTC +0:0]
MAPPING> CMN_65085 [2021-08-31 04:41:34.278] Current Process ID:[5507]
MAPPING> TM_6155 [2021-08-31 04:41:34.278] Using HIGH precision processing.
MAPPING> TM_6180 [2021-08-31 04:41:34.278] Deadlock retry logic will not be implemented.
MAPPING> TM_6187 [2021-08-31 04:41:34.278] Session target-based commit interval is [10000].
MAPPING> TM_6307 [2021-08-31 04:41:34.279] DTM error log disabled. 
MAPPING> TE_7022 [2021-08-31 04:41:34.279] TShmWriter: Initialized
MAPPING> TM_6007 [2021-08-31 04:41:34.282] DTM initialized successfully for session [s_mtt_01ASGS0Z000000000002]
DIRECTOR> PETL_24033 [2021-08-31 04:41:34.307] All DTM Connection Info: [<NONE>].
MANAGER> PETL_24004 [2021-08-31 04:41:34.307] Starting pre-session tasks. : (Tue Aug 31 04:41:34 2021)
MANAGER> PETL_24027 [2021-08-31 04:41:34.309] Pre-session task completed successfully. : (Tue Aug 31 04:41:34 2021)
DIRECTOR> PETL_24006 [2021-08-31 04:41:34.309] Starting data movement.
MAPPING> TM_6660 [2021-08-31 04:41:34.309] Total Buffer Pool size is 23810240 bytes and Block size is 624480 bytes.
READER_1_1_1> DBG_21438 [2021-08-31 04:41:34.311] Reader: Source is [odbc://dbtype=MySQL;host=remotemysql.com;port=3306;database=wOoJkjpNhU], user [wOoJkjpNhU]
READER_1_1_1> BLKR_16051 [2021-08-31 04:41:34.313] Source database connection [Conn_01ASGS0B000000000002] code page: [UTF-8 encoding of Unicode]
READER_1_1_1> CMN_1021 [2021-08-31 04:41:34.313] Database driver event...
CMN_1021 [Driver Manager used is [UnixODBC 2.3.4].]

READER_1_1_1> CMN_1021 [2021-08-31 04:41:35.755] Database driver event...
CMN_1021 [ODBC Event Using array fetches.
ODBC Event Using Single Row Inserts. connect string = [Driver=MySQL ODBC 8.0 Unicode Driver;Server=remotemysql.com;Database=wOoJkjpNhU;Port=3306;USER=wOoJkjpNhU;NO_SSPS=1;stmt=set time_zone = '+00:00';Charset=UTF8;OPTION=3;SSLMODE=DISABLED]. userid = [wOoJkjpNhU]
DBMS Name:	MySQL
DBMS Version:	8.0.13-4
Driver Name:	libmyodbc8w.so
Driver Version:	08.00.0012
MySQL rewrite batch optimization is disabled with maximum bind parameter size set to 2500.]

READER_1_1_1> BLKR_16003 [2021-08-31 04:41:35.755] Initialization completed successfully.
WRITER_1_*_1> WRT_8147 [2021-08-31 04:41:35.756] Writer: Target is database [odbc://dbtype=MySQL;host=remotemysql.com;port=3306;database=wOoJkjpNhU], user [wOoJkjpNhU], bulk mode [OFF]
WRITER_1_*_1> CMN_1021 [2021-08-31 04:41:35.757] Database driver event...
CMN_1021 [Driver Manager used is [UnixODBC 2.3.4].]

WRITER_1_*_1> CMN_1021 [2021-08-31 04:41:37.188] Database driver event...
CMN_1021 [ODBC Event Using array fetches.
ODBC Event Using Single Row Inserts. connect string = [Driver=MySQL ODBC 8.0 Unicode Driver;Server=remotemysql.com;Database=wOoJkjpNhU;Port=3306;USER=wOoJkjpNhU;NO_SSPS=1;stmt=set time_zone = '+00:00';Charset=UTF8;OPTION=3;SSLMODE=DISABLED]. userid = [wOoJkjpNhU]
DBMS Name:	MySQL
DBMS Version:	8.0.13-4
Driver Name:	libmyodbc8w.so
Driver Version:	08.00.0012
MySQL rewrite batch optimization is disabled with maximum bind parameter size set to 2500.]

WRITER_1_*_1> WRT_8221 [2021-08-31 04:41:37.506] Target database connection [Conn_01ASGS0B000000000002] code page: [UTF-8 encoding of Unicode]
WRITER_1_*_1> WRT_8124 [2021-08-31 04:41:37.507] Target Table Midrange_Phones :SQL INSERT statement:
INSERT INTO wOoJkjpNhU.Midrange_Phones(Prod_ID,Prod_Name,Prod_Desc,Prod_Price)  VALUES ( ?, ?, ?, ?) 
WRITER_1_*_1> WRT_8020 [2021-08-31 04:41:37.507] No column marked as primary key for table [Midrange_Phones]. UPDATEs Not Supported.
WRITER_1_*_1> WRT_8147 [2021-08-31 04:41:37.507] Writer: Target is database [odbc://dbtype=MySQL;host=remotemysql.com;port=3306;database=wOoJkjpNhU], user [wOoJkjpNhU], bulk mode [OFF]
WRITER_1_*_1> WRT_8124 [2021-08-31 04:41:37.508] Target Table Budget_Phones :SQL INSERT statement:
INSERT INTO wOoJkjpNhU.Budget_Phones(Prod_ID,Prod_Name,Prod_Desc,Prod_Price)  VALUES ( ?, ?, ?, ?) 
WRITER_1_*_1> WRT_8020 [2021-08-31 04:41:37.508] No column marked as primary key for table [Budget_Phones]. UPDATEs Not Supported.
WRITER_1_*_1> WRT_8147 [2021-08-31 04:41:37.508] Writer: Target is database [odbc://dbtype=MySQL;host=remotemysql.com;port=3306;database=wOoJkjpNhU], user [wOoJkjpNhU], bulk mode [OFF]
WRITER_1_*_1> WRT_8124 [2021-08-31 04:41:37.509] Target Table Luxury_Phones :SQL INSERT statement:
INSERT INTO wOoJkjpNhU.Luxury_Phones(Prod_ID,Prod_Name,Prod_Desc,Prod_Price)  VALUES ( ?, ?, ?, ?) 
WRITER_1_*_1> WRT_8020 [2021-08-31 04:41:37.509] No column marked as primary key for table [Luxury_Phones]. UPDATEs Not Supported.
WRITER_1_*_1> WRT_8270 [2021-08-31 04:41:37.509] Target connection group #1 consists of target(s) [Midrange_Phones, Budget_Phones, Luxury_Phones]
WRITER_1_*_1> WRT_8003 [2021-08-31 04:41:37.509] Writer initialization complete.
READER_1_1_1> BLKR_16007 [2021-08-31 04:41:37.509] Reader run started.
READER_1_1_1> RR_4010 [2021-08-31 04:41:37.509] SQ instance [Source] SQL Query [SELECT wOoJkjpNhU.Phones.Prod_ID, wOoJkjpNhU.Phones.Prod_Name, wOoJkjpNhU.Phones.Prod_Desc, wOoJkjpNhU.Phones.Prod_Price FROM wOoJkjpNhU.Phones]
READER_1_1_1> RR_4049 [2021-08-31 04:41:37.509] SQL Query issued to database : (Tue Aug 31 04:41:37 2021)
WRITER_1_*_1> WRT_8005 [2021-08-31 04:41:37.509] Writer run started.
WRITER_1_*_1> WRT_8158 [2021-08-31 04:41:37.509] 

*****START LOAD SESSION*****

Load Start Time: Tue Aug 31 04:41:37 2021

Target tables:

     Midrange_Phones
     Budget_Phones
     Luxury_Phones


READER_1_1_1> RR_4050 [2021-08-31 04:41:37.672] First row returned from database to reader : (Tue Aug 31 04:41:37 2021)
READER_1_1_1> BLKR_16019 [2021-08-31 04:41:37.672] Read [100] rows, read [0] error rows for source table [Phones] instance name [Phones]
READER_1_1_1> BLKR_16008 [2021-08-31 04:41:37.672] Reader run completed.
TRANSF_1_1_1> DBG_21216 [2021-08-31 04:41:37.673] Finished transformations for Source Qualifier [Source]. Total errors [0] 
WRITER_1_*_1> WRT_8167 [2021-08-31 04:41:37.673] Start loading table [Midrange_Phones] at: Tue Aug 31 04:41:37 2021
WRITER_1_*_1> WRT_8167 [2021-08-31 04:41:41.011] Start loading table [Budget_Phones] at: Tue Aug 31 04:41:40 2021
WRITER_1_*_1> WRT_8167 [2021-08-31 04:41:42.441] Start loading table [Luxury_Phones] at: Tue Aug 31 04:41:42 2021
WRITER_1_*_1> WRT_8168 [2021-08-31 04:41:53.637] End loading table [Midrange_Phones] at: Tue Aug 31 04:41:53 2021
WRITER_1_*_1> WRT_8141 [2021-08-31 04:41:53.797] 
Commit on end-of-data  Tue Aug 31 04:41:53 2021
===================================================

WRT_8036 Target: Midrange_Phones (Instance Name: [Midrange_Phones])
WRT_8038 Inserted rows - Requested: 21         Applied: 21         Rejected: 0          Affected: 21        

WRT_8036 Target: Budget_Phones (Instance Name: [Budget_Phones])
WRT_8038 Inserted rows - Requested: 9          Applied: 9          Rejected: 0          Affected: 9         

WRT_8036 Target: Luxury_Phones (Instance Name: [Luxury_Phones])
WRT_8038 Inserted rows - Requested: 70         Applied: 70         Rejected: 0          Affected: 70        

WRITER_1_*_1> WRT_8168 [2021-08-31 04:41:53.797] End loading table [Budget_Phones] at: Tue Aug 31 04:41:53 2021
WRITER_1_*_1> WRT_8168 [2021-08-31 04:41:53.797] End loading table [Luxury_Phones] at: Tue Aug 31 04:41:53 2021
WRITER_1_*_1> WRT_8035 [2021-08-31 04:41:53.797] Load complete time: Tue Aug 31 04:41:53 2021

LOAD SUMMARY
============

WRT_8036 Target: Midrange_Phones (Instance Name: [Midrange_Phones])
WRT_8038 Inserted rows - Requested: 21         Applied: 21         Rejected: 0          Affected: 21        

WRT_8036 Target: Budget_Phones (Instance Name: [Budget_Phones])
WRT_8038 Inserted rows - Requested: 9          Applied: 9          Rejected: 0          Affected: 9         

WRT_8036 Target: Luxury_Phones (Instance Name: [Luxury_Phones])
WRT_8038 Inserted rows - Requested: 70         Applied: 70         Rejected: 0          Affected: 70        


WRITER_1_*_1> WRT_8043 [2021-08-31 04:41:53.798] *****END LOAD SESSION*****
WRITER_1_*_1> WRT_8006 [2021-08-31 04:41:53.964] Writer run completed.
MANAGER> PETL_24031 [2021-08-31 04:41:53.965] 
***** RUN INFO FOR TGT LOAD ORDER GROUP [1], CONCURRENT SET [1] *****
Thread [READER_1_1_1] created for [the read stage] of partition point [Source] has completed. The total run time was insufficient for any meaningful statistics.
Thread [TRANSF_1_1_1] created for [the transformation stage] of partition point [Source] has completed. The total run time was insufficient for any meaningful statistics.
Thread [WRITER_1_*_1] created for [the write stage] of partition point [Midrange_Phones, Budget_Phones, Luxury_Phones] has completed.
	Total Run Time = [16.291515] secs
	Total Idle Time = [0.000000] secs
	Busy Percentage = [100.000000]

MANAGER> PETL_24005 [2021-08-31 04:41:53.966] Starting post-session tasks. : (Tue Aug 31 04:41:53 2021)
MANAGER> PETL_24029 [2021-08-31 04:41:53.967] Post-session task completed successfully. : (Tue Aug 31 04:41:53 2021)
MAPPING> TM_6018 [2021-08-31 04:41:53.967] The session completed with [0] row transformation errors. 
MANAGER> PETL_24002 [2021-08-31 04:41:54.353] Parallel Pipeline Engine finished.
DIRECTOR> PETL_24012 [2021-08-31 04:41:54.353] Session run completed successfully.
DIRECTOR> TM_6022 [2021-08-31 04:41:54.353] 

SESSION LOAD SUMMARY
================================================

DIRECTOR> TM_6252 [2021-08-31 04:41:54.353] Source Load Summary.
DIRECTOR> CMN_1740 [2021-08-31 04:41:54.353] Table: [Source] (Instance Name: [Source])
	 Output Rows [100], Affected Rows [100], Applied Rows [100], Rejected Rows [0]
DIRECTOR> TM_6253 [2021-08-31 04:41:54.353] Target Load Summary.
DIRECTOR> CMN_1740 [2021-08-31 04:41:54.353] Table: [Midrange_Phones] (Instance Name: [Midrange_Phones])
	 Output Rows [21], Affected Rows [21], Applied Rows [21], Rejected Rows [0]
DIRECTOR> CMN_1740 [2021-08-31 04:41:54.353] Table: [Budget_Phones] (Instance Name: [Budget_Phones])
	 Output Rows [9], Affected Rows [9], Applied Rows [9], Rejected Rows [0]
DIRECTOR> CMN_1740 [2021-08-31 04:41:54.353] Table: [Luxury_Phones] (Instance Name: [Luxury_Phones])
	 Output Rows [70], Affected Rows [70], Applied Rows [70], Rejected Rows [0]
DIRECTOR> TM_6023 [2021-08-31 04:41:54.353] 
===================================================

DIRECTOR> TM_6020 [2021-08-31 04:41:54.353] Session [s_mtt_01ASGS0Z000000000002] completed at [Tue Aug 31 04:41:54 2021].
